#! /c/Source/iverilog-install/bin/vvp
:ivl_version "12.0 (devel)" "(s20150603-1539-g2693dd32b)";
:ivl_delay_selection "TYPICAL";
:vpi_time_precision + 0;
:vpi_module "C:\iverilog\lib\ivl\system.vpi";
:vpi_module "C:\iverilog\lib\ivl\vhdl_sys.vpi";
:vpi_module "C:\iverilog\lib\ivl\vhdl_textio.vpi";
:vpi_module "C:\iverilog\lib\ivl\v2005_math.vpi";
:vpi_module "C:\iverilog\lib\ivl\va_math.vpi";
S_000001e6d1006cf0 .scope module, "RAM" "RAM" 2 1;
 .timescale 0 0;
    .port_info 0 /INPUT 1 "clk";
    .port_info 1 /INPUT 1 "wrEn";
    .port_info 2 /INPUT 4 "wrAddr";
    .port_info 3 /INPUT 8 "wrData";
    .port_info 4 /INPUT 4 "rdAddr";
    .port_info 5 /OUTPUT 8 "rdData";
o000001e6d1006e88 .functor BUFZ 1, C4<z>; HiZ drive
v000001e6d1161cf0_0 .net "clk", 0 0, o000001e6d1006e88;  0 drivers
v000001e6d116c840 .array "mem", 0 15, 7 0;
o000001e6d1006eb8 .functor BUFZ 4, C4<zzzz>; HiZ drive
v000001e6d116c8e0_0 .net "rdAddr", 3 0, o000001e6d1006eb8;  0 drivers
v000001e6d116c980_0 .var "rdData", 7 0;
o000001e6d1006f18 .functor BUFZ 4, C4<zzzz>; HiZ drive
v000001e6d116ca20_0 .net "wrAddr", 3 0, o000001e6d1006f18;  0 drivers
o000001e6d1006f48 .functor BUFZ 8, C4<zzzzzzzz>; HiZ drive
v000001e6d116cac0_0 .net "wrData", 7 0, o000001e6d1006f48;  0 drivers
o000001e6d1006f78 .functor BUFZ 1, C4<z>; HiZ drive
v000001e6d116cb60_0 .net "wrEn", 0 0, o000001e6d1006f78;  0 drivers
E_000001e6d10055b0 .event posedge, v000001e6d1161cf0_0;
    .scope S_000001e6d1006cf0;
T_0 ;
    %wait E_000001e6d10055b0;
    %load/vec4 v000001e6d116cb60_0;
    %flag_set/vec4 8;
    %jmp/0xz  T_0.0, 8;
    %load/vec4 v000001e6d116cac0_0;
    %load/vec4 v000001e6d116ca20_0;
    %pad/u 6;
    %ix/vec4 3;
    %ix/load 4, 0, 0; Constant delay
    %assign/vec4/a/d v000001e6d116c840, 0, 4;
T_0.0 ;
    %jmp T_0;
    .thread T_0;
    .scope S_000001e6d1006cf0;
T_1 ;
    %wait E_000001e6d10055b0;
    %load/vec4 v000001e6d116c8e0_0;
    %pad/u 6;
    %ix/vec4 4;
    %load/vec4a v000001e6d116c840, 4;
    %assign/vec4 v000001e6d116c980_0, 0;
    %jmp T_1;
    .thread T_1;
# The file index is used to find the file name in the following table.
:file_names 3;
    "N/A";
    "<interactive>";
    "RAM.v";
